<?xml version="1.0" encoding="UTF-8"?>
<!-- Generated by org.testng.reporters.JUnitReportReporter -->
<testsuite skipped="0" hostname="SonyVaio-HK-PC" name="testCases.DemoTest" tests="1" failures="0" timestamp="2020-04-28T10:25:52 IST" time="0.032" errors="0">
  <testcase name="demo" time="0.032" classname="testCases.DemoTest"/>
</testsuite> <!-- testCases.DemoTest -->
