<?xml version="1.0" encoding="UTF-8"?>
<!-- Generated by org.testng.reporters.JUnitReportReporter -->
<testsuite skipped="0" hostname="SonyVaio-HK-PC" name="testCases.TestC" tests="1" failures="0" timestamp="30 Apr 2020 07:14:20 GMT" time="0.002" errors="0">
  <testcase name="demo" time="0.002" classname="testCases.TestC"/>
</testsuite> <!-- testCases.TestC -->
