<?xml version="1.0" encoding="UTF-8"?>
<!-- Generated by org.testng.reporters.JUnitReportReporter -->
<testsuite skipped="0" hostname="SonyVaio-HK-PC" name="testCases.TestA" tests="1" failures="0" timestamp="29 Apr 2020 10:08:08 GMT" time="0.071" errors="0">
  <testcase name="demo" time="0.071" classname="testCases.TestA"/>
</testsuite> <!-- testCases.TestA -->
